12-30 15:03:20 com_github_MitjaNemec_Archive3DModels.action_archive_3d_models 220:Plugin executed on: 'win32'
12-30 15:03:20 com_github_MitjaNemec_Archive3DModels.action_archive_3d_models 221:Plugin executed with python version: '3.9.14 (main, Feb 13 2023, 04:48:26) [MSC v.1934 64 bit (AMD64)]'
12-30 15:03:20 com_github_MitjaNemec_Archive3DModels.action_archive_3d_models 222:KiCad build version: 7.0.1
12-30 15:03:20 com_github_MitjaNemec_Archive3DModels.action_archive_3d_models 223:Plugin version: 1.0.10

12-30 15:03:20 com_github_MitjaNemec_Archive3DModels.action_archive_3d_models 228:Screen sizes: [wx.Size(1920, 1080), wx.Size(1920, 1080), wx.Size(1920, 1080)]
12-30 15:03:20 com_github_MitjaNemec_Archive3DModels.action_archive_3d_models 235:Dialog size: wx.Size(213, 81)
12-30 15:03:21 com_github_MitjaNemec_Archive3DModels.action_archive_3d_models 237:Char size: 15
12-30 15:03:22 com_github_MitjaNemec_Archive3DModels.archive_3d_models 24:Starting to archive 3D models
12-30 15:03:22 com_github_MitjaNemec_Archive3DModels.archive_3d_models 45:Getting 3D models for footprint of: H2
12-30 15:03:22 com_github_MitjaNemec_Archive3DModels.archive_3d_models 45:Getting 3D models for footprint of: H1
12-30 15:03:22 com_github_MitjaNemec_Archive3DModels.archive_3d_models 45:Getting 3D models for footprint of: U1
12-30 15:03:22 com_github_MitjaNemec_Archive3DModels.archive_3d_models 56:Trying to copy: ${KICAD_USER_LIB}/3D Shapes/Modules.3dshapes/Seeed Studio XIAO-ESP32-S3-Sense.step
12-30 15:03:22 com_github_MitjaNemec_Archive3DModels.archive_3d_models 136:Remapping: ${KICAD_USER_LIB}/3D Shapes/Modules.3dshapes/Seeed Studio XIAO-ESP32-S3-Sense.step
12-30 15:03:22 com_github_MitjaNemec_Archive3DModels.archive_3d_models 45:Getting 3D models for footprint of: R1
12-30 15:03:22 com_github_MitjaNemec_Archive3DModels.archive_3d_models 56:Trying to copy: ${KICAD6_3DMODEL_DIR}/Resistor_SMD.3dshapes/R_0603_1608Metric.wrl
12-30 15:03:22 com_github_MitjaNemec_Archive3DModels.archive_3d_models 136:Remapping: ${KICAD6_3DMODEL_DIR}/Resistor_SMD.3dshapes/R_0603_1608Metric.wrl
12-30 15:03:22 com_github_MitjaNemec_Archive3DModels.archive_3d_models 45:Getting 3D models for footprint of: J1
12-30 15:03:22 com_github_MitjaNemec_Archive3DModels.archive_3d_models 56:Trying to copy: ${KICAD_USER_LIB}/3D Shapes/Connectors.3dshapes/Screw Terminal 5.08mm & 5mm/DG127-5.0_5.08-xxp-14-00H/STEP/DG127-5.08-xxP (pitch 5.08mm)/DG127-5.08-02P-4Y-00AH.STEP
12-30 15:03:22 com_github_MitjaNemec_Archive3DModels.archive_3d_models 136:Remapping: ${KICAD_USER_LIB}/3D Shapes/Connectors.3dshapes/Screw Terminal 5.08mm & 5mm/DG127-5.0_5.08-xxp-14-00H/STEP/DG127-5.08-xxP (pitch 5.08mm)/DG127-5.08-02P-4Y-00AH.STEP
12-30 15:03:22 com_github_MitjaNemec_Archive3DModels.archive_3d_models 45:Getting 3D models for footprint of: D1
12-30 15:03:22 com_github_MitjaNemec_Archive3DModels.archive_3d_models 56:Trying to copy: D:\#Git Hub Repos\Footprints Library\SamacSys_PCB_Library_2\KiCad\SamacSys_Parts.3dshapes\LM66100DCKR.stp
12-30 15:03:22 com_github_MitjaNemec_Archive3DModels.archive_3d_models 136:Remapping: D:\#Git Hub Repos\Footprints Library\SamacSys_PCB_Library_2\KiCad\SamacSys_Parts.3dshapes\LM66100DCKR.stp
